2013/06/04 10:19:34 [error] [exception.CException] exception 'CException' with message 'SiteController cannot find the requested view "contact".' in C:\wamp\www\yii\framework\web\CController.php:878
Stack trace:
#0 C:\wamp\www\yii\framework\web\CController.php(782): CController->renderPartial('contact', Array, true)
#1 C:\wamp\www\MDS\cademeuonibus\protected\controllers\SiteController.php(72): CController->render('contact', Array)
#2 C:\wamp\www\yii\framework\web\actions\CInlineAction.php(49): SiteController->actionContact()
#3 C:\wamp\www\yii\framework\web\CController.php(308): CInlineAction->runWithParams(Array)
#4 C:\wamp\www\yii\framework\web\CController.php(286): CController->runAction(Object(CInlineAction))
#5 C:\wamp\www\yii\framework\web\CController.php(265): CController->runActionWithFilters(Object(CInlineAction), Array)
#6 C:\wamp\www\yii\framework\web\CWebApplication.php(282): CController->run('contact')
#7 C:\wamp\www\yii\framework\web\CWebApplication.php(141): CWebApplication->runController('site/contact')
#8 C:\wamp\www\yii\framework\base\CApplication.php(169): CWebApplication->processRequest()
#9 C:\wamp\www\MDS\cademeuonibus\index.php(12): CApplication->run()
#10 {main}
REQUEST_URI=/MDS/cademeuonibus/index.php?r=site/contact
HTTP_REFERER=http://localhost/MDS/cademeuonibus/
---
2013/06/04 10:20:00 [error] [exception.CException] exception 'CException' with message 'SiteController cannot find the requested view "contact".' in C:\wamp\www\yii\framework\web\CController.php:878
Stack trace:
#0 C:\wamp\www\yii\framework\web\CController.php(782): CController->renderPartial('contact', Array, true)
#1 C:\wamp\www\MDS\cademeuonibus\protected\controllers\SiteController.php(72): CController->render('contact', Array)
#2 C:\wamp\www\yii\framework\web\actions\CInlineAction.php(49): SiteController->actionContact()
#3 C:\wamp\www\yii\framework\web\CController.php(308): CInlineAction->runWithParams(Array)
#4 C:\wamp\www\yii\framework\web\CController.php(286): CController->runAction(Object(CInlineAction))
#5 C:\wamp\www\yii\framework\web\CController.php(265): CController->runActionWithFilters(Object(CInlineAction), Array)
#6 C:\wamp\www\yii\framework\web\CWebApplication.php(282): CController->run('contact')
#7 C:\wamp\www\yii\framework\web\CWebApplication.php(141): CWebApplication->runController('site/contact')
#8 C:\wamp\www\yii\framework\base\CApplication.php(169): CWebApplication->processRequest()
#9 C:\wamp\www\MDS\cademeuonibus\index.php(12): CApplication->run()
#10 {main}
REQUEST_URI=/MDS/cademeuonibus/index.php?r=site/contact
HTTP_REFERER=http://localhost/MDS/cademeuonibus/
---
2013/06/04 10:23:00 [error] [exception.CException] exception 'CException' with message 'SiteController cannot find the requested view "contact".' in C:\wamp\www\yii\framework\web\CController.php:878
Stack trace:
#0 C:\wamp\www\yii\framework\web\CController.php(782): CController->renderPartial('contact', Array, true)
#1 C:\wamp\www\MDS\cademeuonibus\protected\controllers\SiteController.php(72): CController->render('contact', Array)
#2 C:\wamp\www\yii\framework\web\actions\CInlineAction.php(49): SiteController->actionContact()
#3 C:\wamp\www\yii\framework\web\CController.php(308): CInlineAction->runWithParams(Array)
#4 C:\wamp\www\yii\framework\web\CController.php(286): CController->runAction(Object(CInlineAction))
#5 C:\wamp\www\yii\framework\web\CController.php(265): CController->runActionWithFilters(Object(CInlineAction), Array)
#6 C:\wamp\www\yii\framework\web\CWebApplication.php(282): CController->run('contact')
#7 C:\wamp\www\yii\framework\web\CWebApplication.php(141): CWebApplication->runController('site/contact')
#8 C:\wamp\www\yii\framework\base\CApplication.php(169): CWebApplication->processRequest()
#9 C:\wamp\www\MDS\cademeuonibus\index.php(12): CApplication->run()
#10 {main}
REQUEST_URI=/MDS/cademeuonibus/index.php?r=site/contact
HTTP_REFERER=http://localhost/MDS/cademeuonibus/
---
2013/06/04 10:23:03 [error] [exception.CException] exception 'CException' with message 'SiteController cannot find the requested view "contact".' in C:\wamp\www\yii\framework\web\CController.php:878
Stack trace:
#0 C:\wamp\www\yii\framework\web\CController.php(782): CController->renderPartial('contact', Array, true)
#1 C:\wamp\www\MDS\cademeuonibus\protected\controllers\SiteController.php(72): CController->render('contact', Array)
#2 C:\wamp\www\yii\framework\web\actions\CInlineAction.php(49): SiteController->actionContact()
#3 C:\wamp\www\yii\framework\web\CController.php(308): CInlineAction->runWithParams(Array)
#4 C:\wamp\www\yii\framework\web\CController.php(286): CController->runAction(Object(CInlineAction))
#5 C:\wamp\www\yii\framework\web\CController.php(265): CController->runActionWithFilters(Object(CInlineAction), Array)
#6 C:\wamp\www\yii\framework\web\CWebApplication.php(282): CController->run('contact')
#7 C:\wamp\www\yii\framework\web\CWebApplication.php(141): CWebApplication->runController('site/contact')
#8 C:\wamp\www\yii\framework\base\CApplication.php(169): CWebApplication->processRequest()
#9 C:\wamp\www\MDS\cademeuonibus\index.php(12): CApplication->run()
#10 {main}
REQUEST_URI=/MDS/cademeuonibus/index.php?r=site/contact
HTTP_REFERER=http://localhost/MDS/cademeuonibus/index.php?r=site/contact
---
2013/06/04 10:24:16 [error] [exception.CHttpException.404] exception 'CHttpException' with message 'The requested view "about" was not found.' in C:\wamp\www\yii\framework\web\actions\CViewAction.php:112
Stack trace:
#0 C:\wamp\www\yii\framework\web\actions\CViewAction.php(123): CViewAction->resolveView('about')
#1 C:\wamp\www\yii\framework\web\actions\CAction.php(76): CViewAction->run()
#2 C:\wamp\www\yii\framework\web\CController.php(308): CAction->runWithParams(Array)
#3 C:\wamp\www\yii\framework\web\CController.php(286): CController->runAction(Object(CViewAction))
#4 C:\wamp\www\yii\framework\web\CController.php(265): CController->runActionWithFilters(Object(CViewAction), Array)
#5 C:\wamp\www\yii\framework\web\CWebApplication.php(282): CController->run('page')
#6 C:\wamp\www\yii\framework\web\CWebApplication.php(141): CWebApplication->runController('site/page')
#7 C:\wamp\www\yii\framework\base\CApplication.php(169): CWebApplication->processRequest()
#8 C:\wamp\www\MDS\cademeuonibus\index.php(12): CApplication->run()
#9 {main}
REQUEST_URI=/MDS/cademeuonibus/index.php?r=site/page&view=about
HTTP_REFERER=http://localhost/MDS/cademeuonibus/index.php
---
2013/06/04 10:24:18 [error] [exception.CException] exception 'CException' with message 'SiteController cannot find the requested view "contact".' in C:\wamp\www\yii\framework\web\CController.php:878
Stack trace:
#0 C:\wamp\www\yii\framework\web\CController.php(782): CController->renderPartial('contact', Array, true)
#1 C:\wamp\www\MDS\cademeuonibus\protected\controllers\SiteController.php(72): CController->render('contact', Array)
#2 C:\wamp\www\yii\framework\web\actions\CInlineAction.php(49): SiteController->actionContact()
#3 C:\wamp\www\yii\framework\web\CController.php(308): CInlineAction->runWithParams(Array)
#4 C:\wamp\www\yii\framework\web\CController.php(286): CController->runAction(Object(CInlineAction))
#5 C:\wamp\www\yii\framework\web\CController.php(265): CController->runActionWithFilters(Object(CInlineAction), Array)
#6 C:\wamp\www\yii\framework\web\CWebApplication.php(282): CController->run('contact')
#7 C:\wamp\www\yii\framework\web\CWebApplication.php(141): CWebApplication->runController('site/contact')
#8 C:\wamp\www\yii\framework\base\CApplication.php(169): CWebApplication->processRequest()
#9 C:\wamp\www\MDS\cademeuonibus\index.php(12): CApplication->run()
#10 {main}
REQUEST_URI=/MDS/cademeuonibus/index.php?r=site/contact
HTTP_REFERER=http://localhost/MDS/cademeuonibus/index.php?r=site/page&view=about
---
